=== iRacing Telemetry Debug Log (v4 - get_direct + coverage check) ===

=== 10.7s | Speed=0.0 m/s ===
  [TEMPS get_direct]:
    LF: 66.89, 66.89, 66.89
    RF: 66.89, 66.89, 66.89
    LR: 66.82, 66.82, 66.82
    RR: 66.82, 66.82, 66.82
  [TEMPS get]:
    LF: 66.89, 66.89, 66.89
    RF: 66.89, 66.89, 66.89
  [WEAR get_direct]:
    LF: 1.0000, 1.0000, 1.0000
    RF: 1.0000, 1.0000, 1.0000
    LR: 1.0000, 1.0000, 1.0000
    RR: 1.0000, 1.0000, 1.0000
  YawNorth = 0.0
  TrackPoints = 0
  Coverage = 0%
  MapComplete = False

=== 15.7s | Speed=25.0 m/s ===
  [TEMPS get_direct]:
    LF: 66.89, 66.89, 66.89
    RF: 66.89, 66.89, 66.89
    LR: 66.82, 66.82, 66.82
    RR: 66.82, 66.82, 66.82
  [TEMPS get]:
    LF: 66.89, 66.89, 66.89
    RF: 66.89, 66.89, 66.89
  [WEAR get_direct]:
    LF: 1.0000, 1.0000, 1.0000
    RF: 1.0000, 1.0000, 1.0000
    LR: 1.0000, 1.0000, 1.0000
    RR: 1.0000, 1.0000, 1.0000
  YawNorth = 1.7120283842086792
  TrackPoints = 6
  Coverage = 2%
  MapComplete = False

=== 20.8s | Speed=34.1 m/s ===
  [TEMPS get_direct]:
    LF: 66.89, 66.89, 66.89
    RF: 66.89, 66.89, 66.89
    LR: 66.82, 66.82, 66.82
    RR: 66.82, 66.82, 66.82
  [TEMPS get]:
    LF: 66.89, 66.89, 66.89
    RF: 66.89, 66.89, 66.89
  [WEAR get_direct]:
    LF: 1.0000, 1.0000, 1.0000
    RF: 1.0000, 1.0000, 1.0000
    LR: 1.0000, 1.0000, 1.0000
    RR: 1.0000, 1.0000, 1.0000
  YawNorth = 2.873800039291382
  TrackPoints = 26
  Coverage = 10%
  MapComplete = False

=== 25.8s | Speed=38.9 m/s ===
  [TEMPS get_direct]:
    LF: 66.89, 66.89, 66.89
    RF: 66.89, 66.89, 66.89
    LR: 66.82, 66.82, 66.82
    RR: 66.82, 66.82, 66.82
  [TEMPS get]:
    LF: 66.89, 66.89, 66.89
    RF: 66.89, 66.89, 66.89
  [WEAR get_direct]:
    LF: 1.0000, 1.0000, 1.0000
    RF: 1.0000, 1.0000, 1.0000
    LR: 1.0000, 1.0000, 1.0000
    RR: 1.0000, 1.0000, 1.0000
  YawNorth = 5.204920768737793
  TrackPoints = 50
  Coverage = 18%
  MapComplete = False

=== 30.8s | Speed=36.1 m/s ===
  [TEMPS get_direct]:
    LF: 66.89, 66.89, 66.89
    RF: 66.89, 66.89, 66.89
    LR: 66.82, 66.82, 66.82
    RR: 66.82, 66.82, 66.82
  [TEMPS get]:
    LF: 66.89, 66.89, 66.89
    RF: 66.89, 66.89, 66.89
  [WEAR get_direct]:
    LF: 1.0000, 1.0000, 1.0000
    RF: 1.0000, 1.0000, 1.0000
    LR: 1.0000, 1.0000, 1.0000
    RR: 1.0000, 1.0000, 1.0000
  YawNorth = 3.643587589263916
  TrackPoints = 75
  Coverage = 26%
  MapComplete = False

=== 35.9s | Speed=42.0 m/s ===
  [TEMPS get_direct]:
    LF: 66.89, 66.89, 66.89
    RF: 66.89, 66.89, 66.89
    LR: 66.82, 66.82, 66.82
    RR: 66.82, 66.82, 66.82
  [TEMPS get]:
    LF: 66.89, 66.89, 66.89
    RF: 66.89, 66.89, 66.89
  [WEAR get_direct]:
    LF: 1.0000, 1.0000, 1.0000
    RF: 1.0000, 1.0000, 1.0000
    LR: 1.0000, 1.0000, 1.0000
    RR: 1.0000, 1.0000, 1.0000
  YawNorth = 4.346380233764648
  TrackPoints = 100
  Coverage = 34%
  MapComplete = False

=== 40.9s | Speed=49.6 m/s ===
  [TEMPS get_direct]:
    LF: 66.89, 66.89, 66.89
    RF: 66.89, 66.89, 66.89
    LR: 66.82, 66.82, 66.82
    RR: 66.82, 66.82, 66.82
  [TEMPS get]:
    LF: 66.89, 66.89, 66.89
    RF: 66.89, 66.89, 66.89
  [WEAR get_direct]:
    LF: 1.0000, 1.0000, 1.0000
    RF: 1.0000, 1.0000, 1.0000
    LR: 1.0000, 1.0000, 1.0000
    RR: 1.0000, 1.0000, 1.0000
  YawNorth = 4.604103088378906
  TrackPoints = 125
  Coverage = 45%
  MapComplete = False

=== 46.0s | Speed=30.9 m/s ===
  [TEMPS get_direct]:
    LF: 66.89, 66.89, 66.89
    RF: 66.89, 66.89, 66.89
    LR: 66.82, 66.82, 66.82
    RR: 66.82, 66.82, 66.82
  [TEMPS get]:
    LF: 66.89, 66.89, 66.89
    RF: 66.89, 66.89, 66.89
  [WEAR get_direct]:
    LF: 1.0000, 1.0000, 1.0000
    RF: 1.0000, 1.0000, 1.0000
    LR: 1.0000, 1.0000, 1.0000
    RR: 1.0000, 1.0000, 1.0000
  YawNorth = 5.421083450317383
  TrackPoints = 142
  Coverage = 51%
  MapComplete = False

=== 51.0s | Speed=45.4 m/s ===
  [TEMPS get_direct]:
    LF: 66.89, 66.89, 66.89
    RF: 66.89, 66.89, 66.89
    LR: 66.82, 66.82, 66.82
    RR: 66.82, 66.82, 66.82
  [TEMPS get]:
    LF: 66.89, 66.89, 66.89
    RF: 66.89, 66.89, 66.89
  [WEAR get_direct]:
    LF: 1.0000, 1.0000, 1.0000
    RF: 1.0000, 1.0000, 1.0000
    LR: 1.0000, 1.0000, 1.0000
    RR: 1.0000, 1.0000, 1.0000
  YawNorth = 5.749173164367676
  TrackPoints = 165
  Coverage = 59%
  MapComplete = False

=== 56.0s | Speed=50.2 m/s ===
  [TEMPS get_direct]:
    LF: 66.89, 66.89, 66.89
    RF: 66.89, 66.89, 66.89
    LR: 66.82, 66.82, 66.82
    RR: 66.82, 66.82, 66.82
  [TEMPS get]:
    LF: 66.89, 66.89, 66.89
    RF: 66.89, 66.89, 66.89
  [WEAR get_direct]:
    LF: 1.0000, 1.0000, 1.0000
    RF: 1.0000, 1.0000, 1.0000
    LR: 1.0000, 1.0000, 1.0000
    RR: 1.0000, 1.0000, 1.0000
  YawNorth = 0.7745898962020874
  TrackPoints = 190
  Coverage = 70%
  MapComplete = False

=== 61.1s | Speed=56.4 m/s ===
  [TEMPS get_direct]:
    LF: 66.89, 66.89, 66.89
    RF: 66.89, 66.89, 66.89
    LR: 66.82, 66.82, 66.82
    RR: 66.82, 66.82, 66.82
  [TEMPS get]:
    LF: 66.89, 66.89, 66.89
    RF: 66.89, 66.89, 66.89
  [WEAR get_direct]:
    LF: 1.0000, 1.0000, 1.0000
    RF: 1.0000, 1.0000, 1.0000
    LR: 1.0000, 1.0000, 1.0000
    RR: 1.0000, 1.0000, 1.0000
  YawNorth = 1.8176902532577515
  TrackPoints = 215
  Coverage = 81%
  MapComplete = False

=== 66.1s | Speed=60.9 m/s ===
  [TEMPS get_direct]:
    LF: 66.89, 66.89, 66.89
    RF: 66.89, 66.89, 66.89
    LR: 66.82, 66.82, 66.82
    RR: 66.82, 66.82, 66.82
  [TEMPS get]:
    LF: 66.89, 66.89, 66.89
    RF: 66.89, 66.89, 66.89
  [WEAR get_direct]:
    LF: 1.0000, 1.0000, 1.0000
    RF: 1.0000, 1.0000, 1.0000
    LR: 1.0000, 1.0000, 1.0000
    RR: 1.0000, 1.0000, 1.0000
  YawNorth = 1.9960108995437622
  TrackPoints = 236
  Coverage = 92%
  MapComplete = True

=== 71.2s | Speed=48.4 m/s ===
  [TEMPS get_direct]:
    LF: 66.89, 66.89, 66.89
    RF: 66.89, 66.89, 66.89
    LR: 66.82, 66.82, 66.82
    RR: 66.82, 66.82, 66.82
  [TEMPS get]:
    LF: 66.89, 66.89, 66.89
    RF: 66.89, 66.89, 66.89
  [WEAR get_direct]:
    LF: 1.0000, 1.0000, 1.0000
    RF: 1.0000, 1.0000, 1.0000
    LR: 1.0000, 1.0000, 1.0000
    RR: 1.0000, 1.0000, 1.0000
  YawNorth = 2.1821630001068115
  TrackPoints = 236
  Coverage = 92%
  MapComplete = True

=== 76.2s | Speed=37.4 m/s ===
  [TEMPS get_direct]:
    LF: 66.89, 66.89, 66.89
    RF: 66.89, 66.89, 66.89
    LR: 66.82, 66.82, 66.82
    RR: 66.82, 66.82, 66.82
  [TEMPS get]:
    LF: 66.89, 66.89, 66.89
    RF: 66.89, 66.89, 66.89
  [WEAR get_direct]:
    LF: 1.0000, 1.0000, 1.0000
    RF: 1.0000, 1.0000, 1.0000
    LR: 1.0000, 1.0000, 1.0000
    RR: 1.0000, 1.0000, 1.0000
  YawNorth = 4.472220420837402
  TrackPoints = 236
  Coverage = 92%
  MapComplete = True

=== 81.3s | Speed=37.5 m/s ===
  [TEMPS get_direct]:
    LF: 66.89, 66.89, 66.89
    RF: 66.89, 66.89, 66.89
    LR: 66.82, 66.82, 66.82
    RR: 66.82, 66.82, 66.82
  [TEMPS get]:
    LF: 66.89, 66.89, 66.89
    RF: 66.89, 66.89, 66.89
  [WEAR get_direct]:
    LF: 1.0000, 1.0000, 1.0000
    RF: 1.0000, 1.0000, 1.0000
    LR: 1.0000, 1.0000, 1.0000
    RR: 1.0000, 1.0000, 1.0000
  YawNorth = 4.442448139190674
  TrackPoints = 236
  Coverage = 92%
  MapComplete = True

=== 86.3s | Speed=40.3 m/s ===
  [TEMPS get_direct]:
    LF: 66.89, 66.89, 66.89
    RF: 66.89, 66.89, 66.89
    LR: 66.82, 66.82, 66.82
    RR: 66.82, 66.82, 66.82
  [TEMPS get]:
    LF: 66.89, 66.89, 66.89
    RF: 66.89, 66.89, 66.89
  [WEAR get_direct]:
    LF: 1.0000, 1.0000, 1.0000
    RF: 1.0000, 1.0000, 1.0000
    LR: 1.0000, 1.0000, 1.0000
    RR: 1.0000, 1.0000, 1.0000
  YawNorth = 3.863039016723633
  TrackPoints = 236
  Coverage = 92%
  MapComplete = True

=== 91.3s | Speed=49.6 m/s ===
  [TEMPS get_direct]:
    LF: 66.89, 66.89, 66.89
    RF: 66.89, 66.89, 66.89
    LR: 66.82, 66.82, 66.82
    RR: 66.82, 66.82, 66.82
  [TEMPS get]:
    LF: 66.89, 66.89, 66.89
    RF: 66.89, 66.89, 66.89
  [WEAR get_direct]:
    LF: 1.0000, 1.0000, 1.0000
    RF: 1.0000, 1.0000, 1.0000
    LR: 1.0000, 1.0000, 1.0000
    RR: 1.0000, 1.0000, 1.0000
  YawNorth = 4.734477996826172
  TrackPoints = 236
  Coverage = 92%
  MapComplete = True

=== 96.4s | Speed=27.2 m/s ===
  [TEMPS get_direct]:
    LF: 66.89, 66.89, 66.89
    RF: 66.89, 66.89, 66.89
    LR: 66.82, 66.82, 66.82
    RR: 66.82, 66.82, 66.82
  [TEMPS get]:
    LF: 66.89, 66.89, 66.89
    RF: 66.89, 66.89, 66.89
  [WEAR get_direct]:
    LF: 1.0000, 1.0000, 1.0000
    RF: 1.0000, 1.0000, 1.0000
    LR: 1.0000, 1.0000, 1.0000
    RR: 1.0000, 1.0000, 1.0000
  YawNorth = 5.649999141693115
  TrackPoints = 236
  Coverage = 92%
  MapComplete = True

=== 101.4s | Speed=42.8 m/s ===
  [TEMPS get_direct]:
    LF: 66.89, 66.89, 66.89
    RF: 66.89, 66.89, 66.89
    LR: 66.82, 66.82, 66.82
    RR: 66.82, 66.82, 66.82
  [TEMPS get]:
    LF: 66.89, 66.89, 66.89
    RF: 66.89, 66.89, 66.89
  [WEAR get_direct]:
    LF: 1.0000, 1.0000, 1.0000
    RF: 1.0000, 1.0000, 1.0000
    LR: 1.0000, 1.0000, 1.0000
    RR: 1.0000, 1.0000, 1.0000
  YawNorth = 5.671462059020996
  TrackPoints = 236
  Coverage = 92%
  MapComplete = True

=== 106.4s | Speed=47.5 m/s ===
  [TEMPS get_direct]:
    LF: 66.89, 66.89, 66.89
    RF: 66.89, 66.89, 66.89
    LR: 66.82, 66.82, 66.82
    RR: 66.82, 66.82, 66.82
  [TEMPS get]:
    LF: 66.89, 66.89, 66.89
    RF: 66.89, 66.89, 66.89
  [WEAR get_direct]:
    LF: 1.0000, 1.0000, 1.0000
    RF: 1.0000, 1.0000, 1.0000
    LR: 1.0000, 1.0000, 1.0000
    RR: 1.0000, 1.0000, 1.0000
  YawNorth = 0.6016508340835571
  TrackPoints = 236
  Coverage = 92%
  MapComplete = True

=== 111.5s | Speed=55.7 m/s ===
  [TEMPS get_direct]:
    LF: 66.89, 66.89, 66.89
    RF: 66.89, 66.89, 66.89
    LR: 66.82, 66.82, 66.82
    RR: 66.82, 66.82, 66.82
  [TEMPS get]:
    LF: 66.89, 66.89, 66.89
    RF: 66.89, 66.89, 66.89
  [WEAR get_direct]:
    LF: 1.0000, 1.0000, 1.0000
    RF: 1.0000, 1.0000, 1.0000
    LR: 1.0000, 1.0000, 1.0000
    RR: 1.0000, 1.0000, 1.0000
  YawNorth = 1.418497085571289
  TrackPoints = 236
  Coverage = 92%
  MapComplete = True

=== 116.5s | Speed=59.6 m/s ===
  [TEMPS get_direct]:
    LF: 66.89, 66.89, 66.89
    RF: 66.89, 66.89, 66.89
    LR: 66.82, 66.82, 66.82
    RR: 66.82, 66.82, 66.82
  [TEMPS get]:
    LF: 66.89, 66.89, 66.89
    RF: 66.89, 66.89, 66.89
  [WEAR get_direct]:
    LF: 1.0000, 1.0000, 1.0000
    RF: 1.0000, 1.0000, 1.0000
    LR: 1.0000, 1.0000, 1.0000
    RR: 1.0000, 1.0000, 1.0000
  YawNorth = 1.9956634044647217
  TrackPoints = 236
  Coverage = 92%
  MapComplete = True

=== 121.6s | Speed=63.0 m/s ===
  [TEMPS get_direct]:
    LF: 66.89, 66.89, 66.89
    RF: 66.89, 66.89, 66.89
    LR: 66.82, 66.82, 66.82
    RR: 66.82, 66.82, 66.82
  [TEMPS get]:
    LF: 66.89, 66.89, 66.89
    RF: 66.89, 66.89, 66.89
  [WEAR get_direct]:
    LF: 1.0000, 1.0000, 1.0000
    RF: 1.0000, 1.0000, 1.0000
    LR: 1.0000, 1.0000, 1.0000
    RR: 1.0000, 1.0000, 1.0000
  YawNorth = 2.002364158630371
  TrackPoints = 236
  Coverage = 92%
  MapComplete = True

=== 126.6s | Speed=34.7 m/s ===
  [TEMPS get_direct]:
    LF: 66.89, 66.89, 66.89
    RF: 66.89, 66.89, 66.89
    LR: 66.82, 66.82, 66.82
    RR: 66.82, 66.82, 66.82
  [TEMPS get]:
    LF: 66.89, 66.89, 66.89
    RF: 66.89, 66.89, 66.89
  [WEAR get_direct]:
    LF: 1.0000, 1.0000, 1.0000
    RF: 1.0000, 1.0000, 1.0000
    LR: 1.0000, 1.0000, 1.0000
    RR: 1.0000, 1.0000, 1.0000
  YawNorth = 3.8986446857452393
  TrackPoints = 236
  Coverage = 92%
  MapComplete = True

=== 131.7s | Speed=40.1 m/s ===
  [TEMPS get_direct]:
    LF: 66.89, 66.89, 66.89
    RF: 66.89, 66.89, 66.89
    LR: 66.82, 66.82, 66.82
    RR: 66.82, 66.82, 66.82
  [TEMPS get]:
    LF: 66.89, 66.89, 66.89
    RF: 66.89, 66.89, 66.89
  [WEAR get_direct]:
    LF: 1.0000, 1.0000, 1.0000
    RF: 1.0000, 1.0000, 1.0000
    LR: 1.0000, 1.0000, 1.0000
    RR: 1.0000, 1.0000, 1.0000
  YawNorth = 5.1006550788879395
  TrackPoints = 236
  Coverage = 92%
  MapComplete = True

=== 136.8s | Speed=39.7 m/s ===
  [TEMPS get_direct]:
    LF: 66.89, 66.89, 66.89
    RF: 66.89, 66.89, 66.89
    LR: 66.82, 66.82, 66.82
    RR: 66.82, 66.82, 66.82
  [TEMPS get]:
    LF: 66.89, 66.89, 66.89
    RF: 66.89, 66.89, 66.89
  [WEAR get_direct]:
    LF: 1.0000, 1.0000, 1.0000
    RF: 1.0000, 1.0000, 1.0000
    LR: 1.0000, 1.0000, 1.0000
    RR: 1.0000, 1.0000, 1.0000
  YawNorth = 3.3292593955993652
  TrackPoints = 236
  Coverage = 92%
  MapComplete = True

=== 141.8s | Speed=48.5 m/s ===
  [TEMPS get_direct]:
    LF: 66.89, 66.89, 66.89
    RF: 66.89, 66.89, 66.89
    LR: 66.82, 66.82, 66.82
    RR: 66.82, 66.82, 66.82
  [TEMPS get]:
    LF: 66.89, 66.89, 66.89
    RF: 66.89, 66.89, 66.89
  [WEAR get_direct]:
    LF: 1.0000, 1.0000, 1.0000
    RF: 1.0000, 1.0000, 1.0000
    LR: 1.0000, 1.0000, 1.0000
    RR: 1.0000, 1.0000, 1.0000
  YawNorth = 4.775678634643555
  TrackPoints = 236
  Coverage = 92%
  MapComplete = True

=== 146.9s | Speed=25.6 m/s ===
  [TEMPS get_direct]:
    LF: 66.89, 66.89, 66.89
    RF: 66.89, 66.89, 66.89
    LR: 66.82, 66.82, 66.82
    RR: 66.82, 66.82, 66.82
  [TEMPS get]:
    LF: 66.89, 66.89, 66.89
    RF: 66.89, 66.89, 66.89
  [WEAR get_direct]:
    LF: 1.0000, 1.0000, 1.0000
    RF: 1.0000, 1.0000, 1.0000
    LR: 1.0000, 1.0000, 1.0000
    RR: 1.0000, 1.0000, 1.0000
  YawNorth = 5.443554878234863
  TrackPoints = 236
  Coverage = 92%
  MapComplete = True

=== 151.9s | Speed=40.7 m/s ===
  [TEMPS get_direct]:
    LF: 66.89, 66.89, 66.89
    RF: 66.89, 66.89, 66.89
    LR: 66.82, 66.82, 66.82
    RR: 66.82, 66.82, 66.82
  [TEMPS get]:
    LF: 66.89, 66.89, 66.89
    RF: 66.89, 66.89, 66.89
  [WEAR get_direct]:
    LF: 1.0000, 1.0000, 1.0000
    RF: 1.0000, 1.0000, 1.0000
    LR: 1.0000, 1.0000, 1.0000
    RR: 1.0000, 1.0000, 1.0000
  YawNorth = 5.599121570587158
  TrackPoints = 236
  Coverage = 92%
  MapComplete = True

=== 157.0s | Speed=48.4 m/s ===
  [TEMPS get_direct]:
    LF: 66.89, 66.89, 66.89
    RF: 66.89, 66.89, 66.89
    LR: 66.82, 66.82, 66.82
    RR: 66.82, 66.82, 66.82
  [TEMPS get]:
    LF: 66.89, 66.89, 66.89
    RF: 66.89, 66.89, 66.89
  [WEAR get_direct]:
    LF: 1.0000, 1.0000, 1.0000
    RF: 1.0000, 1.0000, 1.0000
    LR: 1.0000, 1.0000, 1.0000
    RR: 1.0000, 1.0000, 1.0000
  YawNorth = 0.3813794255256653
  TrackPoints = 236
  Coverage = 92%
  MapComplete = True

=== 162.0s | Speed=56.6 m/s ===
  [TEMPS get_direct]:
    LF: 66.89, 66.89, 66.89
    RF: 66.89, 66.89, 66.89
    LR: 66.82, 66.82, 66.82
    RR: 66.82, 66.82, 66.82
  [TEMPS get]:
    LF: 66.89, 66.89, 66.89
    RF: 66.89, 66.89, 66.89
  [WEAR get_direct]:
    LF: 1.0000, 1.0000, 1.0000
    RF: 1.0000, 1.0000, 1.0000
    LR: 1.0000, 1.0000, 1.0000
    RR: 1.0000, 1.0000, 1.0000
  YawNorth = 1.1957063674926758
  TrackPoints = 236
  Coverage = 92%
  MapComplete = True

=== 167.0s | Speed=59.2 m/s ===
  [TEMPS get_direct]:
    LF: 66.89, 66.89, 66.89
    RF: 66.89, 66.89, 66.89
    LR: 66.82, 66.82, 66.82
    RR: 66.82, 66.82, 66.82
  [TEMPS get]:
    LF: 66.89, 66.89, 66.89
    RF: 66.89, 66.89, 66.89
  [WEAR get_direct]:
    LF: 1.0000, 1.0000, 1.0000
    RF: 1.0000, 1.0000, 1.0000
    LR: 1.0000, 1.0000, 1.0000
    RR: 1.0000, 1.0000, 1.0000
  YawNorth = 1.9950840473175049
  TrackPoints = 236
  Coverage = 92%
  MapComplete = True

=== 172.1s | Speed=43.0 m/s ===
  [TEMPS get_direct]:
    LF: 66.89, 66.89, 66.89
    RF: 66.89, 66.89, 66.89
    LR: 66.82, 66.82, 66.82
    RR: 66.82, 66.82, 66.82
  [TEMPS get]:
    LF: 66.89, 66.89, 66.89
    RF: 66.89, 66.89, 66.89
  [WEAR get_direct]:
    LF: 1.0000, 1.0000, 1.0000
    RF: 1.0000, 1.0000, 1.0000
    LR: 1.0000, 1.0000, 1.0000
    RR: 1.0000, 1.0000, 1.0000
  YawNorth = 2.021256685256958
  TrackPoints = 236
  Coverage = 92%
  MapComplete = True

=== 177.2s | Speed=0.1 m/s ===
  [TEMPS get_direct]:
    LF: 66.89, 66.89, 66.89
    RF: 66.89, 66.89, 66.89
    LR: 66.82, 66.82, 66.82
    RR: 66.82, 66.82, 66.82
  [TEMPS get]:
    LF: 66.89, 66.89, 66.89
    RF: 66.89, 66.89, 66.89
  [WEAR get_direct]:
    LF: 1.0000, 1.0000, 1.0000
    RF: 1.0000, 1.0000, 1.0000
    LR: 1.0000, 1.0000, 1.0000
    RR: 1.0000, 1.0000, 1.0000
  YawNorth = 2.0070464611053467
  TrackPoints = 236
  Coverage = 92%
  MapComplete = True
